{
"/Users/luizkota/Desktop/Projetos/node-modules/url-skeleton/index.js":{"path":"/Users/luizkota/Desktop/Projetos/node-modules/url-skeleton/index.js","s":{"1":10,"2":295,"3":295,"4":10,"5":10,"6":285,"7":20,"8":20,"9":265,"10":30,"11":30,"12":295,"13":10,"14":17,"15":17,"16":6,"17":11,"18":23,"19":23,"20":6,"21":17,"22":5,"23":17,"24":54,"25":54,"26":6,"27":48,"28":48,"29":48,"30":25,"31":25,"32":6,"33":19,"34":11,"35":19,"36":25,"37":25,"38":6,"39":19,"40":19,"41":19,"42":25,"43":25,"44":6,"45":19,"46":19,"47":19,"48":25,"49":25,"50":6,"51":19,"52":19,"53":19,"54":48,"55":48,"56":6,"57":42,"58":26,"59":42,"60":27,"61":27,"62":6,"63":21,"64":21,"65":9,"66":16,"67":16,"68":16,"69":21,"70":26,"71":26,"72":6,"73":20,"74":15,"75":20},"b":{"1":[10,285],"2":[20,265],"3":[30,235],"4":[6,11],"5":[6,17],"6":[5,12],"7":[6,48],"8":[32,16],"9":[6,19],"10":[11,8],"11":[6,19],"12":[11,8],"13":[6,19],"14":[6,13],"15":[6,19],"16":[13,6],"17":[6,42],"18":[26,16],"19":[6,21],"20":[9,12],"21":[21,9],"22":[6,20],"23":[15,5]},"f":{"1":295,"2":17,"3":23,"4":54,"5":25,"6":25,"7":25,"8":25,"9":48,"10":27,"11":16,"12":26},"fnMap":{"1":{"name":"validationParameter","line":1,"loc":{"start":{"line":1,"column":0},"end":{"line":1,"column":34}}},"2":{"name":"(anonymous_2)","line":24,"loc":{"start":{"line":24,"column":20},"end":{"line":24,"column":34}}},"3":{"name":"(anonymous_3)","line":44,"loc":{"start":{"line":44,"column":17},"end":{"line":44,"column":31}}},"4":{"name":"(anonymous_4)","line":56,"loc":{"start":{"line":56,"column":15},"end":{"line":56,"column":29}}},"5":{"name":"(anonymous_5)","line":70,"loc":{"start":{"line":70,"column":18},"end":{"line":70,"column":32}}},"6":{"name":"(anonymous_6)","line":82,"loc":{"start":{"line":82,"column":19},"end":{"line":82,"column":33}}},"7":{"name":"(anonymous_7)","line":96,"loc":{"start":{"line":96,"column":13},"end":{"line":96,"column":27}}},"8":{"name":"(anonymous_8)","line":110,"loc":{"start":{"line":110,"column":13},"end":{"line":110,"column":27}}},"9":{"name":"(anonymous_9)","line":124,"loc":{"start":{"line":124,"column":14},"end":{"line":124,"column":28}}},"10":{"name":"(anonymous_10)","line":137,"loc":{"start":{"line":137,"column":19},"end":{"line":137,"column":33}}},"11":{"name":"(anonymous_11)","line":148,"loc":{"start":{"line":148,"column":50},"end":{"line":148,"column":66}}},"12":{"name":"(anonymous_12)","line":160,"loc":{"start":{"line":160,"column":17},"end":{"line":160,"column":31}}}},"statementMap":{"1":{"start":{"line":1,"column":0},"end":{"line":21,"column":1}},"2":{"start":{"line":2,"column":4},"end":{"line":4,"column":80}},"3":{"start":{"line":6,"column":4},"end":{"line":15,"column":5}},"4":{"start":{"line":7,"column":8},"end":{"line":7,"column":17}},"5":{"start":{"line":8,"column":8},"end":{"line":8,"column":65}},"6":{"start":{"line":9,"column":11},"end":{"line":15,"column":5}},"7":{"start":{"line":10,"column":8},"end":{"line":10,"column":17}},"8":{"start":{"line":11,"column":8},"end":{"line":11,"column":58}},"9":{"start":{"line":12,"column":11},"end":{"line":15,"column":5}},"10":{"start":{"line":13,"column":8},"end":{"line":13,"column":17}},"11":{"start":{"line":14,"column":8},"end":{"line":14,"column":68}},"12":{"start":{"line":17,"column":4},"end":{"line":20,"column":5}},"13":{"start":{"line":23,"column":0},"end":{"line":172,"column":2}},"14":{"start":{"line":25,"column":8},"end":{"line":26,"column":28}},"15":{"start":{"line":28,"column":8},"end":{"line":30,"column":9}},"16":{"start":{"line":29,"column":12},"end":{"line":29,"column":42}},"17":{"start":{"line":32,"column":8},"end":{"line":42,"column":9}},"18":{"start":{"line":45,"column":8},"end":{"line":46,"column":28}},"19":{"start":{"line":48,"column":8},"end":{"line":52,"column":9}},"20":{"start":{"line":49,"column":12},"end":{"line":49,"column":42}},"21":{"start":{"line":50,"column":15},"end":{"line":52,"column":9}},"22":{"start":{"line":51,"column":12},"end":{"line":51,"column":43}},"23":{"start":{"line":54,"column":8},"end":{"line":54,"column":24}},"24":{"start":{"line":57,"column":8},"end":{"line":59,"column":26}},"25":{"start":{"line":61,"column":8},"end":{"line":66,"column":9}},"26":{"start":{"line":62,"column":12},"end":{"line":62,"column":42}},"27":{"start":{"line":64,"column":12},"end":{"line":64,"column":47}},"28":{"start":{"line":65,"column":12},"end":{"line":65,"column":51}},"29":{"start":{"line":68,"column":8},"end":{"line":68,"column":22}},"30":{"start":{"line":71,"column":8},"end":{"line":72,"column":29}},"31":{"start":{"line":74,"column":8},"end":{"line":78,"column":9}},"32":{"start":{"line":75,"column":12},"end":{"line":75,"column":42}},"33":{"start":{"line":76,"column":15},"end":{"line":78,"column":9}},"34":{"start":{"line":77,"column":12},"end":{"line":77,"column":58}},"35":{"start":{"line":80,"column":8},"end":{"line":80,"column":25}},"36":{"start":{"line":83,"column":8},"end":{"line":85,"column":30}},"37":{"start":{"line":87,"column":8},"end":{"line":92,"column":9}},"38":{"start":{"line":88,"column":12},"end":{"line":88,"column":42}},"39":{"start":{"line":90,"column":12},"end":{"line":90,"column":52}},"40":{"start":{"line":91,"column":12},"end":{"line":91,"column":61}},"41":{"start":{"line":94,"column":8},"end":{"line":94,"column":26}},"42":{"start":{"line":97,"column":8},"end":{"line":99,"column":24}},"43":{"start":{"line":101,"column":8},"end":{"line":106,"column":9}},"44":{"start":{"line":102,"column":12},"end":{"line":102,"column":42}},"45":{"start":{"line":104,"column":12},"end":{"line":104,"column":40}},"46":{"start":{"line":105,"column":12},"end":{"line":105,"column":43}},"47":{"start":{"line":108,"column":8},"end":{"line":108,"column":20}},"48":{"start":{"line":111,"column":8},"end":{"line":113,"column":24}},"49":{"start":{"line":115,"column":8},"end":{"line":120,"column":9}},"50":{"start":{"line":116,"column":12},"end":{"line":116,"column":42}},"51":{"start":{"line":118,"column":12},"end":{"line":118,"column":40}},"52":{"start":{"line":119,"column":12},"end":{"line":119,"column":65}},"53":{"start":{"line":122,"column":8},"end":{"line":122,"column":20}},"54":{"start":{"line":125,"column":8},"end":{"line":127,"column":25}},"55":{"start":{"line":129,"column":8},"end":{"line":133,"column":9}},"56":{"start":{"line":130,"column":12},"end":{"line":130,"column":42}},"57":{"start":{"line":131,"column":15},"end":{"line":133,"column":9}},"58":{"start":{"line":132,"column":12},"end":{"line":132,"column":45}},"59":{"start":{"line":135,"column":8},"end":{"line":135,"column":21}},"60":{"start":{"line":138,"column":8},"end":{"line":140,"column":28}},"61":{"start":{"line":142,"column":8},"end":{"line":156,"column":9}},"62":{"start":{"line":143,"column":12},"end":{"line":143,"column":42}},"63":{"start":{"line":145,"column":12},"end":{"line":145,"column":39}},"64":{"start":{"line":147,"column":12},"end":{"line":155,"column":13}},"65":{"start":{"line":148,"column":16},"end":{"line":154,"column":19}},"66":{"start":{"line":149,"column":20},"end":{"line":150,"column":38}},"67":{"start":{"line":152,"column":20},"end":{"line":152,"column":60}},"68":{"start":{"line":153,"column":20},"end":{"line":153,"column":36}},"69":{"start":{"line":158,"column":8},"end":{"line":158,"column":26}},"70":{"start":{"line":161,"column":8},"end":{"line":162,"column":28}},"71":{"start":{"line":164,"column":8},"end":{"line":168,"column":9}},"72":{"start":{"line":165,"column":12},"end":{"line":165,"column":42}},"73":{"start":{"line":166,"column":15},"end":{"line":168,"column":9}},"74":{"start":{"line":167,"column":12},"end":{"line":167,"column":59}},"75":{"start":{"line":170,"column":8},"end":{"line":170,"column":24}}},"branchMap":{"1":{"line":6,"type":"if","locations":[{"start":{"line":6,"column":4},"end":{"line":6,"column":4}},{"start":{"line":6,"column":4},"end":{"line":6,"column":4}}]},"2":{"line":9,"type":"if","locations":[{"start":{"line":9,"column":11},"end":{"line":9,"column":11}},{"start":{"line":9,"column":11},"end":{"line":9,"column":11}}]},"3":{"line":12,"type":"if","locations":[{"start":{"line":12,"column":11},"end":{"line":12,"column":11}},{"start":{"line":12,"column":11},"end":{"line":12,"column":11}}]},"4":{"line":28,"type":"if","locations":[{"start":{"line":28,"column":8},"end":{"line":28,"column":8}},{"start":{"line":28,"column":8},"end":{"line":28,"column":8}}]},"5":{"line":48,"type":"if","locations":[{"start":{"line":48,"column":8},"end":{"line":48,"column":8}},{"start":{"line":48,"column":8},"end":{"line":48,"column":8}}]},"6":{"line":50,"type":"if","locations":[{"start":{"line":50,"column":15},"end":{"line":50,"column":15}},{"start":{"line":50,"column":15},"end":{"line":50,"column":15}}]},"7":{"line":61,"type":"if","locations":[{"start":{"line":61,"column":8},"end":{"line":61,"column":8}},{"start":{"line":61,"column":8},"end":{"line":61,"column":8}}]},"8":{"line":65,"type":"cond-expr","locations":[{"start":{"line":65,"column":32},"end":{"line":65,"column":41}},{"start":{"line":65,"column":44},"end":{"line":65,"column":50}}]},"9":{"line":74,"type":"if","locations":[{"start":{"line":74,"column":8},"end":{"line":74,"column":8}},{"start":{"line":74,"column":8},"end":{"line":74,"column":8}}]},"10":{"line":76,"type":"if","locations":[{"start":{"line":76,"column":15},"end":{"line":76,"column":15}},{"start":{"line":76,"column":15},"end":{"line":76,"column":15}}]},"11":{"line":87,"type":"if","locations":[{"start":{"line":87,"column":8},"end":{"line":87,"column":8}},{"start":{"line":87,"column":8},"end":{"line":87,"column":8}}]},"12":{"line":91,"type":"cond-expr","locations":[{"start":{"line":91,"column":40},"end":{"line":91,"column":53}},{"start":{"line":91,"column":56},"end":{"line":91,"column":60}}]},"13":{"line":101,"type":"if","locations":[{"start":{"line":101,"column":8},"end":{"line":101,"column":8}},{"start":{"line":101,"column":8},"end":{"line":101,"column":8}}]},"14":{"line":105,"type":"cond-expr","locations":[{"start":{"line":105,"column":28},"end":{"line":105,"column":35}},{"start":{"line":105,"column":38},"end":{"line":105,"column":42}}]},"15":{"line":115,"type":"if","locations":[{"start":{"line":115,"column":8},"end":{"line":115,"column":8}},{"start":{"line":115,"column":8},"end":{"line":115,"column":8}}]},"16":{"line":119,"type":"cond-expr","locations":[{"start":{"line":119,"column":28},"end":{"line":119,"column":57}},{"start":{"line":119,"column":60},"end":{"line":119,"column":64}}]},"17":{"line":129,"type":"if","locations":[{"start":{"line":129,"column":8},"end":{"line":129,"column":8}},{"start":{"line":129,"column":8},"end":{"line":129,"column":8}}]},"18":{"line":131,"type":"if","locations":[{"start":{"line":131,"column":15},"end":{"line":131,"column":15}},{"start":{"line":131,"column":15},"end":{"line":131,"column":15}}]},"19":{"line":142,"type":"if","locations":[{"start":{"line":142,"column":8},"end":{"line":142,"column":8}},{"start":{"line":142,"column":8},"end":{"line":142,"column":8}}]},"20":{"line":147,"type":"if","locations":[{"start":{"line":147,"column":12},"end":{"line":147,"column":12}},{"start":{"line":147,"column":12},"end":{"line":147,"column":12}}]},"21":{"line":147,"type":"binary-expr","locations":[{"start":{"line":147,"column":16},"end":{"line":147,"column":21}},{"start":{"line":147,"column":25},"end":{"line":147,"column":37}}]},"22":{"line":164,"type":"if","locations":[{"start":{"line":164,"column":8},"end":{"line":164,"column":8}},{"start":{"line":164,"column":8},"end":{"line":164,"column":8}}]},"23":{"line":166,"type":"if","locations":[{"start":{"line":166,"column":15},"end":{"line":166,"column":15}},{"start":{"line":166,"column":15},"end":{"line":166,"column":15}}]}},"l":{"1":10,"2":295,"6":295,"7":10,"8":10,"9":285,"10":20,"11":20,"12":265,"13":30,"14":30,"17":295,"23":10,"25":17,"28":17,"29":6,"32":11,"45":23,"48":23,"49":6,"50":17,"51":5,"54":17,"57":54,"61":54,"62":6,"64":48,"65":48,"68":48,"71":25,"74":25,"75":6,"76":19,"77":11,"80":19,"83":25,"87":25,"88":6,"90":19,"91":19,"94":19,"97":25,"101":25,"102":6,"104":19,"105":19,"108":19,"111":25,"115":25,"116":6,"118":19,"119":19,"122":19,"125":48,"129":48,"130":6,"131":42,"132":26,"135":42,"138":27,"142":27,"143":6,"145":21,"147":21,"148":9,"149":16,"152":16,"153":16,"158":21,"161":26,"164":26,"165":6,"166":20,"167":15,"170":20}}}
