TN:
SF:/Users/luizkota/Desktop/Projetos/node-modules/url-skeleton/index.js
FN:1,validationParameter
FN:24,(anonymous_2)
FN:44,(anonymous_3)
FN:56,(anonymous_4)
FN:70,(anonymous_5)
FN:82,(anonymous_6)
FN:96,(anonymous_7)
FN:110,(anonymous_8)
FN:124,(anonymous_9)
FN:137,(anonymous_10)
FN:148,(anonymous_11)
FN:160,(anonymous_12)
FNF:12
FNH:12
FNDA:295,validationParameter
FNDA:17,(anonymous_2)
FNDA:23,(anonymous_3)
FNDA:54,(anonymous_4)
FNDA:25,(anonymous_5)
FNDA:25,(anonymous_6)
FNDA:25,(anonymous_7)
FNDA:25,(anonymous_8)
FNDA:48,(anonymous_9)
FNDA:27,(anonymous_10)
FNDA:16,(anonymous_11)
FNDA:26,(anonymous_12)
DA:1,10
DA:2,295
DA:6,295
DA:7,10
DA:8,10
DA:9,285
DA:10,20
DA:11,20
DA:12,265
DA:13,30
DA:14,30
DA:17,295
DA:23,10
DA:25,17
DA:28,17
DA:29,6
DA:32,11
DA:45,23
DA:48,23
DA:49,6
DA:50,17
DA:51,5
DA:54,17
DA:57,54
DA:61,54
DA:62,6
DA:64,48
DA:65,48
DA:68,48
DA:71,25
DA:74,25
DA:75,6
DA:76,19
DA:77,11
DA:80,19
DA:83,25
DA:87,25
DA:88,6
DA:90,19
DA:91,19
DA:94,19
DA:97,25
DA:101,25
DA:102,6
DA:104,19
DA:105,19
DA:108,19
DA:111,25
DA:115,25
DA:116,6
DA:118,19
DA:119,19
DA:122,19
DA:125,48
DA:129,48
DA:130,6
DA:131,42
DA:132,26
DA:135,42
DA:138,27
DA:142,27
DA:143,6
DA:145,21
DA:147,21
DA:148,9
DA:149,16
DA:152,16
DA:153,16
DA:158,21
DA:161,26
DA:164,26
DA:165,6
DA:166,20
DA:167,15
DA:170,20
LF:75
LH:75
BRDA:6,1,0,10
BRDA:6,1,1,285
BRDA:9,2,0,20
BRDA:9,2,1,265
BRDA:12,3,0,30
BRDA:12,3,1,235
BRDA:28,4,0,6
BRDA:28,4,1,11
BRDA:48,5,0,6
BRDA:48,5,1,17
BRDA:50,6,0,5
BRDA:50,6,1,12
BRDA:61,7,0,6
BRDA:61,7,1,48
BRDA:65,8,0,32
BRDA:65,8,1,16
BRDA:74,9,0,6
BRDA:74,9,1,19
BRDA:76,10,0,11
BRDA:76,10,1,8
BRDA:87,11,0,6
BRDA:87,11,1,19
BRDA:91,12,0,11
BRDA:91,12,1,8
BRDA:101,13,0,6
BRDA:101,13,1,19
BRDA:105,14,0,6
BRDA:105,14,1,13
BRDA:115,15,0,6
BRDA:115,15,1,19
BRDA:119,16,0,13
BRDA:119,16,1,6
BRDA:129,17,0,6
BRDA:129,17,1,42
BRDA:131,18,0,26
BRDA:131,18,1,16
BRDA:142,19,0,6
BRDA:142,19,1,21
BRDA:147,20,0,9
BRDA:147,20,1,12
BRDA:147,21,0,21
BRDA:147,21,1,9
BRDA:164,22,0,6
BRDA:164,22,1,20
BRDA:166,23,0,15
BRDA:166,23,1,5
BRF:46
BRH:46
end_of_record
